This file contains any messages produced by compilers while
running configure, to aid debugging if configure makes a mistake.

It was created by configure, which was
generated by GNU Autoconf 2.69.  Invocation command line was

  $ /home/anne/Downloads/pa_stable_v190700_20210406/portaudio/configure --prefix=/install_location

## --------- ##
## Platform. ##
## --------- ##

hostname = anne-Inspiron-5482
uname -m = x86_64
uname -r = 5.11.0-38-generic
uname -s = Linux
uname -v = #42~20.04.1-Ubuntu SMP Tue Sep 28 20:41:07 UTC 2021

/usr/bin/uname -p = x86_64
/bin/uname -X     = unknown

/bin/arch              = x86_64
/usr/bin/arch -k       = unknown
/usr/convex/getsysinfo = unknown
/usr/bin/hostinfo      = unknown
/bin/machine           = unknown
/usr/bin/oslevel       = unknown
/bin/universe          = unknown

PATH: /usr/local/sbin
PATH: /usr/local/bin
PATH: /usr/sbin
PATH: /usr/bin
PATH: /sbin
PATH: /bin
PATH: /usr/games
PATH: /usr/local/games
PATH: /snap/bin


## ----------- ##
## Core tests. ##
## ----------- ##

configure:2579: checking build system type
configure:2593: result: x86_64-unknown-linux-gnu
configure:2613: checking host system type
configure:2626: result: x86_64-unknown-linux-gnu
configure:2646: checking target system type
configure:2659: result: x86_64-unknown-linux-gnu
configure:2853: checking for gcc
configure:2869: found /usr/bin/gcc
configure:2880: result: gcc
configure:3109: checking for C compiler version
configure:3118: gcc --version >&5
gcc (Ubuntu 9.3.0-17ubuntu1~20.04) 9.3.0
Copyright (C) 2019 Free Software Foundation, Inc.
This is free software; see the source for copying conditions.  There is NO
warranty; not even for MERCHANTABILITY or FITNESS FOR A PARTICULAR PURPOSE.

configure:3129: $? = 0
configure:3118: gcc -v >&5
Using built-in specs.
COLLECT_GCC=gcc
COLLECT_LTO_WRAPPER=/usr/lib/gcc/x86_64-linux-gnu/9/lto-wrapper
OFFLOAD_TARGET_NAMES=nvptx-none:hsa
OFFLOAD_TARGET_DEFAULT=1
Target: x86_64-linux-gnu
Configured with: ../src/configure -v --with-pkgversion='Ubuntu 9.3.0-17ubuntu1~20.04' --with-bugurl=file:///usr/share/doc/gcc-9/README.Bugs --enable-languages=c,ada,c++,go,brig,d,fortran,objc,obj-c++,gm2 --prefix=/usr --with-gcc-major-version-only --program-suffix=-9 --program-prefix=x86_64-linux-gnu- --enable-shared --enable-linker-build-id --libexecdir=/usr/lib --without-included-gettext --enable-threads=posix --libdir=/usr/lib --enable-nls --enable-clocale=gnu --enable-libstdcxx-debug --enable-libstdcxx-time=yes --with-default-libstdcxx-abi=new --enable-gnu-unique-object --disable-vtable-verify --enable-plugin --enable-default-pie --with-system-zlib --with-target-system-zlib=auto --enable-objc-gc=auto --enable-multiarch --disable-werror --with-arch-32=i686 --with-abi=m64 --with-multilib-list=m32,m64,mx32 --enable-multilib --with-tune=generic --enable-offload-targets=nvptx-none=/build/gcc-9-HskZEa/gcc-9-9.3.0/debian/tmp-nvptx/usr,hsa --without-cuda-driver --enable-checking=release --build=x86_64-linux-gnu --host=x86_64-linux-gnu --target=x86_64-linux-gnu
Thread model: posix
gcc version 9.3.0 (Ubuntu 9.3.0-17ubuntu1~20.04) 
configure:3129: $? = 0
configure:3118: gcc -V >&5
gcc: error: unrecognized command line option '-V'
gcc: fatal error: no input files
compilation terminated.
configure:3129: $? = 1
configure:3118: gcc -qversion >&5
gcc: error: unrecognized command line option '-qversion'; did you mean '--version'?
gcc: fatal error: no input files
compilation terminated.
configure:3129: $? = 1
configure:3149: checking whether the C compiler works
configure:3171: gcc    conftest.c  >&5
configure:3175: $? = 0
configure:3223: result: yes
configure:3226: checking for C compiler default output file name
configure:3228: result: a.out
configure:3234: checking for suffix of executables
configure:3241: gcc -o conftest    conftest.c  >&5
configure:3245: $? = 0
configure:3267: result: 
configure:3289: checking whether we are cross compiling
configure:3297: gcc -o conftest    conftest.c  >&5
configure:3301: $? = 0
configure:3308: ./conftest
configure:3312: $? = 0
configure:3300: result: no
configure:3305: checking for suffix of object files
configure:3327: gcc -c   conftest.c >&5
configure:3331: $? = 0
configure:3352: result: o
configure:3356: checking whether we are using the GNU C compiler
configure:3375: gcc -c   conftest.c >&5
configure:3375: $? = 0
configure:3384: result: yes
configure:3393: checking whether gcc accepts -g
configure:3413: gcc -c -g  conftest.c >&5
configure:3413: $? = 0
configure:3454: result: yes
configure:3471: checking for gcc option to accept ISO C89
configure:3534: gcc  -c -g -O2  conftest.c >&5
configure:3534: $? = 0
configure:3547: result: none needed
configure:4175: checking how to print strings
configure:4202: result: printf
configure:4223: checking for a sed that does not truncate output
configure:4287: result: /usr/bin/sed
configure:4305: checking for grep that handles long lines and -e
configure:4363: result: /usr/bin/grep
configure:4368: checking for egrep
configure:4430: result: /usr/bin/grep -E
configure:4435: checking for fgrep
configure:4497: result: /usr/bin/grep -F
configure:4532: checking for ld used by gcc
configure:4599: result: /usr/bin/ld
configure:4606: checking if the linker (/usr/bin/ld) is GNU ld
configure:4621: result: yes
configure:4633: checking for BSD- or MS-compatible name lister (nm)
configure:4682: result: /usr/bin/nm -B
configure:4812: checking the name lister (/usr/bin/nm -B) interface
configure:4819: gcc -c -g -O2  conftest.c >&5
configure:4822: /usr/bin/nm -B "conftest.o"
configure:4825: output
0000000000000000 B some_variable
configure:4826: result: BSD nm
configure:4829: checking whether ln -s works
configure:4833: result: yes
configure:4841: checking the maximum length of command line arguments
configure:4972: result: 1572864
configure:4989: checking whether the shell understands some XSI constructs
configure:4998: result: yes
configure:5002: checking whether the shell understands "+="
configure:5006: result: yes
configure:5041: checking how to convert x86_64-unknown-linux-gnu file names to x86_64-unknown-linux-gnu format
configure:5081: result: func_convert_file_noop
configure:5088: checking how to convert x86_64-unknown-linux-gnu file names to toolchain format
configure:5108: result: func_convert_file_noop
configure:5115: checking for /usr/bin/ld option to reload object files
configure:5122: result: -r
configure:5196: checking for objdump
configure:5223: result: objdump
configure:5252: checking how to recognize dependent libraries
configure:5450: result: pass_all
configure:5535: checking for dlltool
configure:5562: result: dlltool
configure:5592: checking how to associate runtime and link libraries
configure:5619: result: printf %s\n
configure:5680: checking for ar
configure:5696: found /usr/bin/ar
configure:5707: result: ar
configure:5744: checking for archiver @FILE support
configure:5761: gcc -c -g -O2  conftest.c >&5
configure:5761: $? = 0
configure:5764: ar cru libconftest.a @conftest.lst >&5
ar: `u' modifier ignored since `D' is the default (see `U')
configure:5767: $? = 0
configure:5772: ar cru libconftest.a @conftest.lst >&5
ar: `u' modifier ignored since `D' is the default (see `U')
ar: conftest.o: No such file or directory
configure:5775: $? = 1
configure:5774: result: @
configure:5832: checking for strip
configure:5848: found /usr/bin/strip
configure:5859: result: strip
configure:5931: checking for ranlib
configure:5947: found /usr/bin/ranlib
configure:5958: result: ranlib
configure:6035: checking for gawk
configure:6065: result: no
configure:6035: checking for mawk
configure:6051: found /usr/bin/mawk
configure:6062: result: mawk
configure:6102: checking command to parse /usr/bin/nm -B output from gcc object
configure:6222: gcc -c -g -O2  conftest.c >&5
configure:6225: $? = 0
configure:6229: /usr/bin/nm -B conftest.o \| sed -n -e 's/^.*[ ]\([ABCDGIRSTW][ABCDGIRSTW]*\)[ ][ ]*\([_A-Za-z][_A-Za-z0-9]*\)$/\1 \2 \2/p' | sed '/ __gnu_lto/d' \> conftest.nm
configure:6232: $? = 0
configure:6298: gcc -o conftest -g -O2   conftest.c conftstm.o >&5
configure:6301: $? = 0
configure:6339: result: ok
configure:6376: checking for sysroot
configure:6406: result: no
configure:6483: gcc -c -g -O2  conftest.c >&5
configure:6486: $? = 0
configure:6675: checking for mt
configure:6691: found /usr/bin/mt
configure:6702: result: mt
configure:6725: checking if mt is a manifest tool
configure:6731: mt '-?'
configure:6739: result: no
configure:7381: checking how to run the C preprocessor
configure:7412: gcc -E  conftest.c
configure:7412: $? = 0
configure:7426: gcc -E  conftest.c
conftest.c:9:10: fatal error: ac_nonexistent.h: No such file or directory
    9 | #include <ac_nonexistent.h>
      |          ^~~~~~~~~~~~~~~~~~
compilation terminated.
configure:7426: $? = 1
configure: failed program was:
| /* confdefs.h */
| #define PACKAGE_NAME ""
| #define PACKAGE_TARNAME ""
| #define PACKAGE_VERSION ""
| #define PACKAGE_STRING ""
| #define PACKAGE_BUGREPORT ""
| #define PACKAGE_URL ""
| /* end confdefs.h.  */
| #include <ac_nonexistent.h>
configure:7451: result: gcc -E
configure:7471: gcc -E  conftest.c
configure:7471: $? = 0
configure:7485: gcc -E  conftest.c
conftest.c:9:10: fatal error: ac_nonexistent.h: No such file or directory
    9 | #include <ac_nonexistent.h>
      |          ^~~~~~~~~~~~~~~~~~
compilation terminated.
configure:7485: $? = 1
configure: failed program was:
| /* confdefs.h */
| #define PACKAGE_NAME ""
| #define PACKAGE_TARNAME ""
| #define PACKAGE_VERSION ""
| #define PACKAGE_STRING ""
| #define PACKAGE_BUGREPORT ""
| #define PACKAGE_URL ""
| /* end confdefs.h.  */
| #include <ac_nonexistent.h>
configure:7514: checking for ANSI C header files
configure:7534: gcc -c -g -O2  conftest.c >&5
configure:7534: $? = 0
configure:7607: gcc -o conftest -g -O2   conftest.c  >&5
configure:7607: $? = 0
configure:7607: ./conftest
configure:7607: $? = 0
configure:7618: result: yes
configure:7631: checking for sys/types.h
configure:7631: gcc -c -g -O2  conftest.c >&5
configure:7631: $? = 0
configure:7631: result: yes
configure:7631: checking for sys/stat.h
configure:7631: gcc -c -g -O2  conftest.c >&5
configure:7631: $? = 0
configure:7631: result: yes
configure:7631: checking for stdlib.h
configure:7631: gcc -c -g -O2  conftest.c >&5
configure:7631: $? = 0
configure:7631: result: yes
configure:7631: checking for string.h
configure:7631: gcc -c -g -O2  conftest.c >&5
configure:7631: $? = 0
configure:7631: result: yes
configure:7631: checking for memory.h
configure:7631: gcc -c -g -O2  conftest.c >&5
configure:7631: $? = 0
configure:7631: result: yes
configure:7631: checking for strings.h
configure:7631: gcc -c -g -O2  conftest.c >&5
configure:7631: $? = 0
configure:7631: result: yes
configure:7631: checking for inttypes.h
configure:7631: gcc -c -g -O2  conftest.c >&5
configure:7631: $? = 0
configure:7631: result: yes
configure:7631: checking for stdint.h
configure:7631: gcc -c -g -O2  conftest.c >&5
configure:7631: $? = 0
configure:7631: result: yes
configure:7631: checking for unistd.h
configure:7631: gcc -c -g -O2  conftest.c >&5
configure:7631: $? = 0
configure:7631: result: yes
configure:7645: checking for dlfcn.h
configure:7645: gcc -c -g -O2  conftest.c >&5
configure:7645: $? = 0
configure:7645: result: yes
configure:7860: checking for objdir
configure:7875: result: .libs
configure:8142: checking if gcc supports -fno-rtti -fno-exceptions
configure:8160: gcc -c -g -O2  -fno-rtti -fno-exceptions conftest.c >&5
cc1: warning: command line option '-fno-rtti' is valid for C++/D/ObjC++ but not for C
configure:8164: $? = 0
configure:8177: result: no
configure:8504: checking for gcc option to produce PIC
configure:8511: result: -fPIC -DPIC
configure:8519: checking if gcc PIC flag -fPIC -DPIC works
configure:8537: gcc -c -g -O2  -fPIC -DPIC -DPIC conftest.c >&5
configure:8541: $? = 0
configure:8554: result: yes
configure:8583: checking if gcc static flag -static works
configure:8611: result: yes
configure:8626: checking if gcc supports -c -o file.o
configure:8647: gcc -c -g -O2  -o out/conftest2.o conftest.c >&5
configure:8651: $? = 0
configure:8673: result: yes
configure:8681: checking if gcc supports -c -o file.o
configure:8728: result: yes
configure:8761: checking whether the gcc linker (/usr/bin/ld -m elf_x86_64) supports shared libraries
configure:9918: result: yes
configure:9955: checking whether -lc should be explicitly linked in
configure:9963: gcc -c -g -O2  conftest.c >&5
configure:9966: $? = 0
configure:9981: gcc -shared  -fPIC -DPIC conftest.o  -v -Wl,-soname -Wl,conftest -o conftest 2\>\&1 \| /usr/bin/grep  -lc  \>/dev/null 2\>\&1
configure:9984: $? = 0
configure:9998: result: no
configure:10158: checking dynamic linker characteristics
configure:10658: gcc -o conftest -g -O2   -Wl,-rpath -Wl,/foo conftest.c  >&5
configure:10658: $? = 0
configure:10892: result: GNU/Linux ld.so
configure:10999: checking how to hardcode library paths into programs
configure:11024: result: immediate
configure:11564: checking whether stripping libraries is possible
configure:11569: result: yes
configure:11604: checking if libtool supports shared libraries
configure:11606: result: yes
configure:11609: checking whether to build shared libraries
configure:11630: result: yes
configure:11633: checking whether to build static libraries
configure:11637: result: yes
configure:11882: checking for a BSD-compatible install
configure:11950: result: /usr/bin/install -c
configure:11961: checking whether ln -s works
configure:11965: result: yes
configure:11974: checking for ar
configure:11992: found /usr/bin/ar
configure:12005: result: /usr/bin/ar
configure:12017: checking whether byte ordering is bigendian
configure:12032: gcc -c -g -O2  conftest.c >&5
conftest.c:22:9: error: unknown type name 'not'
   22 |         not a universal capable compiler
      |         ^~~
conftest.c:22:15: error: expected '=', ',', ';', 'asm' or '__attribute__' before 'universal'
   22 |         not a universal capable compiler
      |               ^~~~~~~~~
conftest.c:22:15: error: unknown type name 'universal'
configure:12032: $? = 1
configure: failed program was:
| /* confdefs.h */
| #define PACKAGE_NAME ""
| #define PACKAGE_TARNAME ""
| #define PACKAGE_VERSION ""
| #define PACKAGE_STRING ""
| #define PACKAGE_BUGREPORT ""
| #define PACKAGE_URL ""
| #define STDC_HEADERS 1
| #define HAVE_SYS_TYPES_H 1
| #define HAVE_SYS_STAT_H 1
| #define HAVE_STDLIB_H 1
| #define HAVE_STRING_H 1
| #define HAVE_MEMORY_H 1
| #define HAVE_STRINGS_H 1
| #define HAVE_INTTYPES_H 1
| #define HAVE_STDINT_H 1
| #define HAVE_UNISTD_H 1
| #define HAVE_DLFCN_H 1
| #define LT_OBJDIR ".libs/"
| /* end confdefs.h.  */
| #ifndef __APPLE_CC__
| 	       not a universal capable compiler
| 	     #endif
| 	     typedef int dummy;
| 
configure:12077: gcc -c -g -O2  conftest.c >&5
configure:12077: $? = 0
configure:12095: gcc -c -g -O2  conftest.c >&5
conftest.c: In function 'main':
conftest.c:28:4: error: unknown type name 'not'; did you mean 'ino_t'?
   28 |    not big endian
      |    ^~~
      |    ino_t
conftest.c:28:12: error: expected '=', ',', ';', 'asm' or '__attribute__' before 'endian'
   28 |    not big endian
      |            ^~~~~~
configure:12095: $? = 1
configure: failed program was:
| /* confdefs.h */
| #define PACKAGE_NAME ""
| #define PACKAGE_TARNAME ""
| #define PACKAGE_VERSION ""
| #define PACKAGE_STRING ""
| #define PACKAGE_BUGREPORT ""
| #define PACKAGE_URL ""
| #define STDC_HEADERS 1
| #define HAVE_SYS_TYPES_H 1
| #define HAVE_SYS_STAT_H 1
| #define HAVE_STDLIB_H 1
| #define HAVE_STRING_H 1
| #define HAVE_MEMORY_H 1
| #define HAVE_STRINGS_H 1
| #define HAVE_INTTYPES_H 1
| #define HAVE_STDINT_H 1
| #define HAVE_UNISTD_H 1
| #define HAVE_DLFCN_H 1
| #define LT_OBJDIR ".libs/"
| /* end confdefs.h.  */
| #include <sys/types.h>
| 		#include <sys/param.h>
| 
| int
| main ()
| {
| #if BYTE_ORDER != BIG_ENDIAN
| 		 not big endian
| 		#endif
| 
|   ;
|   return 0;
| }
configure:12223: result: no
configure:12245: checking for snd_pcm_open in -lasound
configure:12270: gcc -o conftest -g -O2   conftest.c -lasound   >&5
configure:12270: $? = 0
configure:12279: result: yes
configure:12290: checking for HPI_SubSysCreate in -lhpi
configure:12315: gcc -o conftest -g -O2   conftest.c -lhpi -lm  >&5
/usr/bin/ld: cannot find -lhpi
collect2: error: ld returned 1 exit status
configure:12315: $? = 1
configure: failed program was:
| /* confdefs.h */
| #define PACKAGE_NAME ""
| #define PACKAGE_TARNAME ""
| #define PACKAGE_VERSION ""
| #define PACKAGE_STRING ""
| #define PACKAGE_BUGREPORT ""
| #define PACKAGE_URL ""
| #define STDC_HEADERS 1
| #define HAVE_SYS_TYPES_H 1
| #define HAVE_SYS_STAT_H 1
| #define HAVE_STDLIB_H 1
| #define HAVE_STRING_H 1
| #define HAVE_MEMORY_H 1
| #define HAVE_STRINGS_H 1
| #define HAVE_INTTYPES_H 1
| #define HAVE_STDINT_H 1
| #define HAVE_UNISTD_H 1
| #define HAVE_DLFCN_H 1
| #define LT_OBJDIR ".libs/"
| /* end confdefs.h.  */
| 
| /* Override any GCC internal prototype to avoid an error.
|    Use char because int might match the return type of a GCC
|    builtin and then its argument prototype would still apply.  */
| #ifdef __cplusplus
| extern "C"
| #endif
| char HPI_SubSysCreate ();
| int
| main ()
| {
| return HPI_SubSysCreate ();
|   ;
|   return 0;
| }
configure:12324: result: no
configure:12339: checking sys/soundcard.h usability
configure:12339: gcc -c -g -O2  conftest.c >&5
configure:12339: $? = 0
configure:12339: result: yes
configure:12339: checking sys/soundcard.h presence
configure:12339: gcc -E  conftest.c
configure:12339: $? = 0
configure:12339: result: yes
configure:12339: checking for sys/soundcard.h
configure:12339: result: yes
configure:12339: checking linux/soundcard.h usability
configure:12339: gcc -c -g -O2  conftest.c >&5
configure:12339: $? = 0
configure:12339: result: yes
configure:12339: checking linux/soundcard.h presence
configure:12339: gcc -E  conftest.c
configure:12339: $? = 0
configure:12339: result: yes
configure:12339: checking for linux/soundcard.h
configure:12339: result: yes
configure:12339: checking machine/soundcard.h usability
configure:12339: gcc -c -g -O2  conftest.c >&5
conftest.c:56:10: fatal error: machine/soundcard.h: No such file or directory
   56 | #include <machine/soundcard.h>
      |          ^~~~~~~~~~~~~~~~~~~~~
compilation terminated.
configure:12339: $? = 1
configure: failed program was:
| /* confdefs.h */
| #define PACKAGE_NAME ""
| #define PACKAGE_TARNAME ""
| #define PACKAGE_VERSION ""
| #define PACKAGE_STRING ""
| #define PACKAGE_BUGREPORT ""
| #define PACKAGE_URL ""
| #define STDC_HEADERS 1
| #define HAVE_SYS_TYPES_H 1
| #define HAVE_SYS_STAT_H 1
| #define HAVE_STDLIB_H 1
| #define HAVE_STRING_H 1
| #define HAVE_MEMORY_H 1
| #define HAVE_STRINGS_H 1
| #define HAVE_INTTYPES_H 1
| #define HAVE_STDINT_H 1
| #define HAVE_UNISTD_H 1
| #define HAVE_DLFCN_H 1
| #define LT_OBJDIR ".libs/"
| #define HAVE_SYS_SOUNDCARD_H 1
| #define HAVE_LINUX_SOUNDCARD_H 1
| /* end confdefs.h.  */
| #include <stdio.h>
| #ifdef HAVE_SYS_TYPES_H
| # include <sys/types.h>
| #endif
| #ifdef HAVE_SYS_STAT_H
| # include <sys/stat.h>
| #endif
| #ifdef STDC_HEADERS
| # include <stdlib.h>
| # include <stddef.h>
| #else
| # ifdef HAVE_STDLIB_H
| #  include <stdlib.h>
| # endif
| #endif
| #ifdef HAVE_STRING_H
| # if !defined STDC_HEADERS && defined HAVE_MEMORY_H
| #  include <memory.h>
| # endif
| # include <string.h>
| #endif
| #ifdef HAVE_STRINGS_H
| # include <strings.h>
| #endif
| #ifdef HAVE_INTTYPES_H
| # include <inttypes.h>
| #endif
| #ifdef HAVE_STDINT_H
| # include <stdint.h>
| #endif
| #ifdef HAVE_UNISTD_H
| # include <unistd.h>
| #endif
| #include <machine/soundcard.h>
configure:12339: result: no
configure:12339: checking machine/soundcard.h presence
configure:12339: gcc -E  conftest.c
conftest.c:23:10: fatal error: machine/soundcard.h: No such file or directory
   23 | #include <machine/soundcard.h>
      |          ^~~~~~~~~~~~~~~~~~~~~
compilation terminated.
configure:12339: $? = 1
configure: failed program was:
| /* confdefs.h */
| #define PACKAGE_NAME ""
| #define PACKAGE_TARNAME ""
| #define PACKAGE_VERSION ""
| #define PACKAGE_STRING ""
| #define PACKAGE_BUGREPORT ""
| #define PACKAGE_URL ""
| #define STDC_HEADERS 1
| #define HAVE_SYS_TYPES_H 1
| #define HAVE_SYS_STAT_H 1
| #define HAVE_STDLIB_H 1
| #define HAVE_STRING_H 1
| #define HAVE_MEMORY_H 1
| #define HAVE_STRINGS_H 1
| #define HAVE_INTTYPES_H 1
| #define HAVE_STDINT_H 1
| #define HAVE_UNISTD_H 1
| #define HAVE_DLFCN_H 1
| #define LT_OBJDIR ".libs/"
| #define HAVE_SYS_SOUNDCARD_H 1
| #define HAVE_LINUX_SOUNDCARD_H 1
| /* end confdefs.h.  */
| #include <machine/soundcard.h>
configure:12339: result: no
configure:12339: checking for machine/soundcard.h
configure:12339: result: no
configure:12350: checking for _oss_ioctl in -lossaudio
configure:12375: gcc -o conftest -g -O2   conftest.c -lossaudio   >&5
/usr/bin/ld: cannot find -lossaudio
collect2: error: ld returned 1 exit status
configure:12375: $? = 1
configure: failed program was:
| /* confdefs.h */
| #define PACKAGE_NAME ""
| #define PACKAGE_TARNAME ""
| #define PACKAGE_VERSION ""
| #define PACKAGE_STRING ""
| #define PACKAGE_BUGREPORT ""
| #define PACKAGE_URL ""
| #define STDC_HEADERS 1
| #define HAVE_SYS_TYPES_H 1
| #define HAVE_SYS_STAT_H 1
| #define HAVE_STDLIB_H 1
| #define HAVE_STRING_H 1
| #define HAVE_MEMORY_H 1
| #define HAVE_STRINGS_H 1
| #define HAVE_INTTYPES_H 1
| #define HAVE_STDINT_H 1
| #define HAVE_UNISTD_H 1
| #define HAVE_DLFCN_H 1
| #define LT_OBJDIR ".libs/"
| #define HAVE_SYS_SOUNDCARD_H 1
| #define HAVE_LINUX_SOUNDCARD_H 1
| /* end confdefs.h.  */
| 
| /* Override any GCC internal prototype to avoid an error.
|    Use char because int might match the return type of a GCC
|    builtin and then its argument prototype would still apply.  */
| #ifdef __cplusplus
| extern "C"
| #endif
| char _oss_ioctl ();
| int
| main ()
| {
| return _oss_ioctl ();
|   ;
|   return 0;
| }
configure:12384: result: no
configure:12450: checking for pkg-config
configure:12468: found /usr/bin/pkg-config
configure:12480: result: /usr/bin/pkg-config
configure:12505: checking pkg-config is at least version 0.9.0
configure:12508: result: yes
configure:12518: checking for JACK
configure:12525: $PKG_CONFIG --exists --print-errors "jack"
Package jack was not found in the pkg-config search path.
Perhaps you should add the directory containing `jack.pc'
to the PKG_CONFIG_PATH environment variable
No package 'jack' found
configure:12528: $? = 1
configure:12542: $PKG_CONFIG --exists --print-errors "jack"
Package jack was not found in the pkg-config search path.
Perhaps you should add the directory containing `jack.pc'
to the PKG_CONFIG_PATH environment variable
No package 'jack' found
configure:12545: $? = 1
configure:12559: result: no
No package 'jack' found
configure:12595: checking size of short
configure:12600: gcc -o conftest -g -O2   conftest.c  >&5
configure:12600: $? = 0
configure:12600: ./conftest
configure:12600: $? = 0
configure:12614: result: 2
configure:12628: checking size of int
configure:12633: gcc -o conftest -g -O2   conftest.c  >&5
configure:12633: $? = 0
configure:12633: ./conftest
configure:12633: $? = 0
configure:12647: result: 4
configure:12661: checking size of long
configure:12666: gcc -o conftest -g -O2   conftest.c  >&5
configure:12666: $? = 0
configure:12666: ./conftest
configure:12666: $? = 0
configure:12680: result: 8
configure:12692: checking for clock_gettime in -lrt
configure:12717: gcc -o conftest -g -O2   conftest.c -lrt   >&5
configure:12717: $? = 0
configure:12726: result: yes
configure:12737: checking for clock_gettime
configure:12737: gcc -o conftest -g -O2   conftest.c  -lrt >&5
configure:12737: $? = 0
configure:12737: result: yes
configure:12737: checking for nanosleep
configure:12737: gcc -o conftest -g -O2   conftest.c  -lrt >&5
configure:12737: $? = 0
configure:12737: result: yes
configure:13086: checking for pthread_create in -lpthread
configure:13111: gcc -o conftest -g -O2 -DPA_LITTLE_ENDIAN -I$(top_srcdir)/include -I$(top_srcdir)/src/common -I$(top_srcdir)/src/os/unix   conftest.c -lpthread   >&5
configure:13111: $? = 0
configure:13120: result: yes
configure:13356: creating ./config.status

## ---------------------- ##
## Running config.status. ##
## ---------------------- ##

This file was extended by config.status, which was
generated by GNU Autoconf 2.69.  Invocation command line was

  CONFIG_FILES    = 
  CONFIG_HEADERS  = 
  CONFIG_LINKS    = 
  CONFIG_COMMANDS = 
  $ ./config.status 

on anne-Inspiron-5482

config.status:1051: creating Makefile
config.status:1051: creating portaudio-2.0.pc
config.status:1202: executing libtool commands
configure:15713: result:
Configuration summary:

  Target ...................... x86_64-unknown-linux-gnu
  C++ bindings ................ no
  Debug output ................ no
configure:15724: result:
  ALSA ........................ yes
  ASIHPI ...................... no
configure:15763: result:
  OSS ......................... yes
  JACK ........................ no


## ---------------- ##
## Cache variables. ##
## ---------------- ##

ac_cv_build=x86_64-unknown-linux-gnu
ac_cv_c_bigendian=no
ac_cv_c_compiler_gnu=yes
ac_cv_env_CCC_set=
ac_cv_env_CCC_value=
ac_cv_env_CC_set=
ac_cv_env_CC_value=
ac_cv_env_CFLAGS_set=
ac_cv_env_CFLAGS_value=
ac_cv_env_CPPFLAGS_set=
ac_cv_env_CPPFLAGS_value=
ac_cv_env_CPP_set=
ac_cv_env_CPP_value=
ac_cv_env_CXXCPP_set=
ac_cv_env_CXXCPP_value=
ac_cv_env_CXXFLAGS_set=
ac_cv_env_CXXFLAGS_value=
ac_cv_env_CXX_set=
ac_cv_env_CXX_value=
ac_cv_env_JACK_CFLAGS_set=
ac_cv_env_JACK_CFLAGS_value=
ac_cv_env_JACK_LIBS_set=
ac_cv_env_JACK_LIBS_value=
ac_cv_env_LDFLAGS_set=
ac_cv_env_LDFLAGS_value=
ac_cv_env_LIBS_set=
ac_cv_env_LIBS_value=
ac_cv_env_PKG_CONFIG_LIBDIR_set=
ac_cv_env_PKG_CONFIG_LIBDIR_value=
ac_cv_env_PKG_CONFIG_PATH_set=
ac_cv_env_PKG_CONFIG_PATH_value=
ac_cv_env_PKG_CONFIG_set=
ac_cv_env_PKG_CONFIG_value=
ac_cv_env_build_alias_set=
ac_cv_env_build_alias_value=
ac_cv_env_host_alias_set=
ac_cv_env_host_alias_value=
ac_cv_env_target_alias_set=
ac_cv_env_target_alias_value=
ac_cv_func_clock_gettime=yes
ac_cv_func_nanosleep=yes
ac_cv_header_dlfcn_h=yes
ac_cv_header_inttypes_h=yes
ac_cv_header_linux_soundcard_h=yes
ac_cv_header_machine_soundcard_h=no
ac_cv_header_memory_h=yes
ac_cv_header_stdc=yes
ac_cv_header_stdint_h=yes
ac_cv_header_stdlib_h=yes
ac_cv_header_string_h=yes
ac_cv_header_strings_h=yes
ac_cv_header_sys_soundcard_h=yes
ac_cv_header_sys_stat_h=yes
ac_cv_header_sys_types_h=yes
ac_cv_header_unistd_h=yes
ac_cv_host=x86_64-unknown-linux-gnu
ac_cv_lib_asound_snd_pcm_open=yes
ac_cv_lib_hpi_HPI_SubSysCreate=no
ac_cv_lib_ossaudio__oss_ioctl=no
ac_cv_lib_pthread_pthread_create=yes
ac_cv_lib_rt_clock_gettime=yes
ac_cv_objext=o
ac_cv_path_AR=/usr/bin/ar
ac_cv_path_EGREP='/usr/bin/grep -E'
ac_cv_path_FGREP='/usr/bin/grep -F'
ac_cv_path_GREP=/usr/bin/grep
ac_cv_path_SED=/usr/bin/sed
ac_cv_path_ac_pt_PKG_CONFIG=/usr/bin/pkg-config
ac_cv_path_install='/usr/bin/install -c'
ac_cv_prog_AWK=mawk
ac_cv_prog_CPP='gcc -E'
ac_cv_prog_ac_ct_AR=ar
ac_cv_prog_ac_ct_CC=gcc
ac_cv_prog_ac_ct_DLLTOOL=dlltool
ac_cv_prog_ac_ct_MANIFEST_TOOL=mt
ac_cv_prog_ac_ct_OBJDUMP=objdump
ac_cv_prog_ac_ct_RANLIB=ranlib
ac_cv_prog_ac_ct_STRIP=strip
ac_cv_prog_cc_c89=
ac_cv_prog_cc_g=yes
ac_cv_sizeof_int=4
ac_cv_sizeof_long=8
ac_cv_sizeof_short=2
ac_cv_target=x86_64-unknown-linux-gnu
lt_cv_ar_at_file=@
lt_cv_archive_cmds_need_lc=no
lt_cv_deplibs_check_method=pass_all
lt_cv_file_magic_cmd='$MAGIC_CMD'
lt_cv_file_magic_test_file=
lt_cv_ld_reload_flag=-r
lt_cv_nm_interface='BSD nm'
lt_cv_objdir=.libs
lt_cv_path_LD=/usr/bin/ld
lt_cv_path_NM='/usr/bin/nm -B'
lt_cv_path_mainfest_tool=no
lt_cv_prog_compiler_c_o=yes
lt_cv_prog_compiler_pic='-fPIC -DPIC'
lt_cv_prog_compiler_pic_works=yes
lt_cv_prog_compiler_rtti_exceptions=no
lt_cv_prog_compiler_static_works=yes
lt_cv_prog_gnu_ld=yes
lt_cv_sharedlib_from_linklib_cmd='printf %s\n'
lt_cv_shlibpath_overrides_runpath=yes
lt_cv_sys_global_symbol_pipe='sed -n -e '\''s/^.*[	 ]\([ABCDGIRSTW][ABCDGIRSTW]*\)[	 ][	 ]*\([_A-Za-z][_A-Za-z0-9]*\)$/\1 \2 \2/p'\'' | sed '\''/ __gnu_lto/d'\'''
lt_cv_sys_global_symbol_to_c_name_address='sed -n -e '\''s/^: \([^ ]*\)[ ]*$/  {\"\1\", (void *) 0},/p'\'' -e '\''s/^[ABCDGIRSTW]* \([^ ]*\) \([^ ]*\)$/  {"\2", (void *) \&\2},/p'\'''
lt_cv_sys_global_symbol_to_c_name_address_lib_prefix='sed -n -e '\''s/^: \([^ ]*\)[ ]*$/  {\"\1\", (void *) 0},/p'\'' -e '\''s/^[ABCDGIRSTW]* \([^ ]*\) \(lib[^ ]*\)$/  {"\2", (void *) \&\2},/p'\'' -e '\''s/^[ABCDGIRSTW]* \([^ ]*\) \([^ ]*\)$/  {"lib\2", (void *) \&\2},/p'\'''
lt_cv_sys_global_symbol_to_cdecl='sed -n -e '\''s/^T .* \(.*\)$/extern int \1();/p'\'' -e '\''s/^[ABCDGIRSTW]* .* \(.*\)$/extern char \1;/p'\'''
lt_cv_sys_max_cmd_len=1572864
lt_cv_to_host_file_cmd=func_convert_file_noop
lt_cv_to_tool_file_cmd=func_convert_file_noop

## ----------------- ##
## Output variables. ##
## ----------------- ##

AR='/usr/bin/ar'
AS='as'
AWK='mawk'
CC='gcc'
CFLAGS='-g -O2 -DPA_LITTLE_ENDIAN -I$(top_srcdir)/include -I$(top_srcdir)/src/common -I$(top_srcdir)/src/os/unix -pthread'
CPP='gcc -E'
CPPFLAGS=''
CXX=''
CXXCPP=''
CXXFLAGS=''
DEFS='-DPACKAGE_NAME=\"\" -DPACKAGE_TARNAME=\"\" -DPACKAGE_VERSION=\"\" -DPACKAGE_STRING=\"\" -DPACKAGE_BUGREPORT=\"\" -DPACKAGE_URL=\"\" -DSTDC_HEADERS=1 -DHAVE_SYS_TYPES_H=1 -DHAVE_SYS_STAT_H=1 -DHAVE_STDLIB_H=1 -DHAVE_STRING_H=1 -DHAVE_MEMORY_H=1 -DHAVE_STRINGS_H=1 -DHAVE_INTTYPES_H=1 -DHAVE_STDINT_H=1 -DHAVE_UNISTD_H=1 -DHAVE_DLFCN_H=1 -DLT_OBJDIR=\".libs/\" -DHAVE_SYS_SOUNDCARD_H=1 -DHAVE_LINUX_SOUNDCARD_H=1 -DSIZEOF_SHORT=2 -DSIZEOF_INT=4 -DSIZEOF_LONG=8 -DHAVE_CLOCK_GETTIME=1 -DHAVE_NANOSLEEP=1 -DPA_USE_ALSA=1 -DPA_USE_OSS=1'
DLLTOOL='dlltool'
DLL_LIBS=' -lrt -lasound -lm -lpthread'
DSYMUTIL=''
DUMPBIN=''
ECHO_C=''
ECHO_N='-n'
ECHO_T=''
EGREP='/usr/bin/grep -E'
ENABLE_CXX_FALSE=''
ENABLE_CXX_TRUE='#'
EXEEXT=''
FGREP='/usr/bin/grep -F'
GREP='/usr/bin/grep'
INCLUDES='portaudio.h pa_linux_alsa.h'
INSTALL_DATA='${INSTALL} -m 644'
INSTALL_PROGRAM='${INSTALL}'
INSTALL_SCRIPT='${INSTALL}'
JACK_CFLAGS=''
JACK_LIBS=''
LD='/usr/bin/ld -m elf_x86_64'
LDFLAGS=''
LIBOBJS=''
LIBS=' -lasound -lm -lpthread'
LIBTOOL='$(SHELL) $(top_builddir)/libtool'
LIPO=''
LN_S='ln -s'
LTLIBOBJS=''
LT_AGE='0'
LT_CURRENT='2'
LT_REVISION='0'
MANIFEST_TOOL=':'
NASM=''
NASMOPT=''
NM='/usr/bin/nm -B'
NMEDIT=''
OBJDUMP='objdump'
OBJEXT='o'
OTHER_OBJS=' src/hostapi/alsa/pa_linux_alsa.o src/hostapi/oss/pa_unix_oss.o src/os/unix/pa_unix_hostapis.o src/os/unix/pa_unix_util.o'
OTOOL64=''
OTOOL=''
PACKAGE_BUGREPORT=''
PACKAGE_NAME=''
PACKAGE_STRING=''
PACKAGE_TARNAME=''
PACKAGE_URL=''
PACKAGE_VERSION=''
PADLL='libportaudio.so'
PATH_SEPARATOR=':'
PKG_CONFIG='/usr/bin/pkg-config'
PKG_CONFIG_LIBDIR=''
PKG_CONFIG_PATH=''
RANLIB='ranlib'
SED='/usr/bin/sed'
SHARED_FLAGS='-fPIC'
SHELL='/bin/bash'
STRIP='strip'
THREAD_CFLAGS='-pthread'
WITH_ASIO_FALSE=''
WITH_ASIO_TRUE='@ #'
ac_ct_AR='ar'
ac_ct_CC='gcc'
ac_ct_CXX=''
ac_ct_DUMPBIN=''
bindir='${exec_prefix}/bin'
build='x86_64-unknown-linux-gnu'
build_alias=''
build_cpu='x86_64'
build_os='linux-gnu'
build_vendor='unknown'
datadir='${datarootdir}'
datarootdir='${prefix}/share'
docdir='${datarootdir}/doc/${PACKAGE}'
dvidir='${docdir}'
exec_prefix='${prefix}'
host='x86_64-unknown-linux-gnu'
host_alias=''
host_cpu='x86_64'
host_os='linux-gnu'
host_vendor='unknown'
htmldir='${docdir}'
includedir='${prefix}/include'
infodir='${datarootdir}/info'
libdir='${exec_prefix}/lib'
libexecdir='${exec_prefix}/libexec'
localedir='${datarootdir}/locale'
localstatedir='${prefix}/var'
mandir='${datarootdir}/man'
oldincludedir='/usr/include'
pdfdir='${docdir}'
prefix='/install_location'
program_transform_name='s,x,x,'
psdir='${docdir}'
runstatedir='${localstatedir}/run'
sbindir='${exec_prefix}/sbin'
sharedstatedir='${prefix}/com'
subdirs=''
sysconfdir='${prefix}/etc'
target='x86_64-unknown-linux-gnu'
target_alias=''
target_cpu='x86_64'
target_os='linux-gnu'
target_vendor='unknown'

## ----------- ##
## confdefs.h. ##
## ----------- ##

/* confdefs.h */
#define PACKAGE_NAME ""
#define PACKAGE_TARNAME ""
#define PACKAGE_VERSION ""
#define PACKAGE_STRING ""
#define PACKAGE_BUGREPORT ""
#define PACKAGE_URL ""
#define STDC_HEADERS 1
#define HAVE_SYS_TYPES_H 1
#define HAVE_SYS_STAT_H 1
#define HAVE_STDLIB_H 1
#define HAVE_STRING_H 1
#define HAVE_MEMORY_H 1
#define HAVE_STRINGS_H 1
#define HAVE_INTTYPES_H 1
#define HAVE_STDINT_H 1
#define HAVE_UNISTD_H 1
#define HAVE_DLFCN_H 1
#define LT_OBJDIR ".libs/"
#define HAVE_SYS_SOUNDCARD_H 1
#define HAVE_LINUX_SOUNDCARD_H 1
#define SIZEOF_SHORT 2
#define SIZEOF_INT 4
#define SIZEOF_LONG 8
#define HAVE_CLOCK_GETTIME 1
#define HAVE_NANOSLEEP 1
#define PA_USE_ALSA 1
#define PA_USE_OSS 1

configure: exit 0
