make --dry-run --always-make --keep-going --print-directory
make: Entering directory '/home/anne/Documents/UROP/THEDRONELAB/demo/noMotiv/voicedemo'
/usr/bin/cmake -S/home/anne/Downloads/pa_stable_v190700_20210406/portaudio -B/home/anne/Documents/UROP/THEDRONELAB/demo/noMotiv/voicedemo --check-build-system CMakeFiles/Makefile.cmake 0
/usr/bin/cmake -E cmake_progress_start /home/anne/Documents/UROP/THEDRONELAB/demo/noMotiv/voicedemo/CMakeFiles /home/anne/Documents/UROP/THEDRONELAB/demo/noMotiv/voicedemo/CMakeFiles/progress.marks
make -f CMakeFiles/Makefile2 all
make[1]: Entering directory '/home/anne/Documents/UROP/THEDRONELAB/demo/noMotiv/voicedemo'
make -f CMakeFiles/portaudio_static.dir/build.make CMakeFiles/portaudio_static.dir/depend
make[2]: Entering directory '/home/anne/Documents/UROP/THEDRONELAB/demo/noMotiv/voicedemo'
cd /home/anne/Documents/UROP/THEDRONELAB/demo/noMotiv/voicedemo && /usr/bin/cmake -E cmake_depends "Unix Makefiles" /home/anne/Downloads/pa_stable_v190700_20210406/portaudio /home/anne/Downloads/pa_stable_v190700_20210406/portaudio /home/anne/Documents/UROP/THEDRONELAB/demo/noMotiv/voicedemo /home/anne/Documents/UROP/THEDRONELAB/demo/noMotiv/voicedemo /home/anne/Documents/UROP/THEDRONELAB/demo/noMotiv/voicedemo/CMakeFiles/portaudio_static.dir/DependInfo.cmake --color=
make[2]: Leaving directory '/home/anne/Documents/UROP/THEDRONELAB/demo/noMotiv/voicedemo'
make -f CMakeFiles/portaudio_static.dir/build.make CMakeFiles/portaudio_static.dir/build
make[2]: Entering directory '/home/anne/Documents/UROP/THEDRONELAB/demo/noMotiv/voicedemo'
/usr/bin/cmake -E cmake_echo_color --switch= --green --progress-dir=/home/anne/Documents/UROP/THEDRONELAB/demo/noMotiv/voicedemo/CMakeFiles --progress-num=16 "Building C object CMakeFiles/portaudio_static.dir/src/common/pa_allocation.c.o"
/usr/bin/cc -DPA_LITTLE_ENDIAN -DPA_USE_ALSA -I/home/anne/Downloads/pa_stable_v190700_20210406/portaudio/src/common -I/home/anne/Documents/UROP/THEDRONELAB/demo/noMotiv/voicedemo -I/home/anne/Downloads/pa_stable_v190700_20210406/portaudio/src/os/unix -I/home/anne/Downloads/pa_stable_v190700_20210406/portaudio/include  -g   -o CMakeFiles/portaudio_static.dir/src/common/pa_allocation.c.o   -c /home/anne/Downloads/pa_stable_v190700_20210406/portaudio/src/common/pa_allocation.c
/usr/bin/cmake -E cmake_echo_color --switch= --green --progress-dir=/home/anne/Documents/UROP/THEDRONELAB/demo/noMotiv/voicedemo/CMakeFiles --progress-num=17 "Building C object CMakeFiles/portaudio_static.dir/src/common/pa_converters.c.o"
/usr/bin/cc -DPA_LITTLE_ENDIAN -DPA_USE_ALSA -I/home/anne/Downloads/pa_stable_v190700_20210406/portaudio/src/common -I/home/anne/Documents/UROP/THEDRONELAB/demo/noMotiv/voicedemo -I/home/anne/Downloads/pa_stable_v190700_20210406/portaudio/src/os/unix -I/home/anne/Downloads/pa_stable_v190700_20210406/portaudio/include  -g   -o CMakeFiles/portaudio_static.dir/src/common/pa_converters.c.o   -c /home/anne/Downloads/pa_stable_v190700_20210406/portaudio/src/common/pa_converters.c
/usr/bin/cmake -E cmake_echo_color --switch= --green --progress-dir=/home/anne/Documents/UROP/THEDRONELAB/demo/noMotiv/voicedemo/CMakeFiles --progress-num=18 "Building C object CMakeFiles/portaudio_static.dir/src/common/pa_cpuload.c.o"
/usr/bin/cc -DPA_LITTLE_ENDIAN -DPA_USE_ALSA -I/home/anne/Downloads/pa_stable_v190700_20210406/portaudio/src/common -I/home/anne/Documents/UROP/THEDRONELAB/demo/noMotiv/voicedemo -I/home/anne/Downloads/pa_stable_v190700_20210406/portaudio/src/os/unix -I/home/anne/Downloads/pa_stable_v190700_20210406/portaudio/include  -g   -o CMakeFiles/portaudio_static.dir/src/common/pa_cpuload.c.o   -c /home/anne/Downloads/pa_stable_v190700_20210406/portaudio/src/common/pa_cpuload.c
/usr/bin/cmake -E cmake_echo_color --switch= --green --progress-dir=/home/anne/Documents/UROP/THEDRONELAB/demo/noMotiv/voicedemo/CMakeFiles --progress-num=19 "Building C object CMakeFiles/portaudio_static.dir/src/common/pa_debugprint.c.o"
/usr/bin/cc -DPA_LITTLE_ENDIAN -DPA_USE_ALSA -I/home/anne/Downloads/pa_stable_v190700_20210406/portaudio/src/common -I/home/anne/Documents/UROP/THEDRONELAB/demo/noMotiv/voicedemo -I/home/anne/Downloads/pa_stable_v190700_20210406/portaudio/src/os/unix -I/home/anne/Downloads/pa_stable_v190700_20210406/portaudio/include  -g   -o CMakeFiles/portaudio_static.dir/src/common/pa_debugprint.c.o   -c /home/anne/Downloads/pa_stable_v190700_20210406/portaudio/src/common/pa_debugprint.c
/usr/bin/cmake -E cmake_echo_color --switch= --green --progress-dir=/home/anne/Documents/UROP/THEDRONELAB/demo/noMotiv/voicedemo/CMakeFiles --progress-num=20 "Building C object CMakeFiles/portaudio_static.dir/src/common/pa_dither.c.o"
/usr/bin/cc -DPA_LITTLE_ENDIAN -DPA_USE_ALSA -I/home/anne/Downloads/pa_stable_v190700_20210406/portaudio/src/common -I/home/anne/Documents/UROP/THEDRONELAB/demo/noMotiv/voicedemo -I/home/anne/Downloads/pa_stable_v190700_20210406/portaudio/src/os/unix -I/home/anne/Downloads/pa_stable_v190700_20210406/portaudio/include  -g   -o CMakeFiles/portaudio_static.dir/src/common/pa_dither.c.o   -c /home/anne/Downloads/pa_stable_v190700_20210406/portaudio/src/common/pa_dither.c
/usr/bin/cmake -E cmake_echo_color --switch= --green --progress-dir=/home/anne/Documents/UROP/THEDRONELAB/demo/noMotiv/voicedemo/CMakeFiles --progress-num=21 "Building C object CMakeFiles/portaudio_static.dir/src/common/pa_front.c.o"
/usr/bin/cc -DPA_LITTLE_ENDIAN -DPA_USE_ALSA -I/home/anne/Downloads/pa_stable_v190700_20210406/portaudio/src/common -I/home/anne/Documents/UROP/THEDRONELAB/demo/noMotiv/voicedemo -I/home/anne/Downloads/pa_stable_v190700_20210406/portaudio/src/os/unix -I/home/anne/Downloads/pa_stable_v190700_20210406/portaudio/include  -g   -o CMakeFiles/portaudio_static.dir/src/common/pa_front.c.o   -c /home/anne/Downloads/pa_stable_v190700_20210406/portaudio/src/common/pa_front.c
/usr/bin/cmake -E cmake_echo_color --switch= --green --progress-dir=/home/anne/Documents/UROP/THEDRONELAB/demo/noMotiv/voicedemo/CMakeFiles --progress-num=22 "Building C object CMakeFiles/portaudio_static.dir/src/common/pa_process.c.o"
/usr/bin/cc -DPA_LITTLE_ENDIAN -DPA_USE_ALSA -I/home/anne/Downloads/pa_stable_v190700_20210406/portaudio/src/common -I/home/anne/Documents/UROP/THEDRONELAB/demo/noMotiv/voicedemo -I/home/anne/Downloads/pa_stable_v190700_20210406/portaudio/src/os/unix -I/home/anne/Downloads/pa_stable_v190700_20210406/portaudio/include  -g   -o CMakeFiles/portaudio_static.dir/src/common/pa_process.c.o   -c /home/anne/Downloads/pa_stable_v190700_20210406/portaudio/src/common/pa_process.c
/usr/bin/cmake -E cmake_echo_color --switch= --green --progress-dir=/home/anne/Documents/UROP/THEDRONELAB/demo/noMotiv/voicedemo/CMakeFiles --progress-num=23 "Building C object CMakeFiles/portaudio_static.dir/src/common/pa_ringbuffer.c.o"
/usr/bin/cc -DPA_LITTLE_ENDIAN -DPA_USE_ALSA -I/home/anne/Downloads/pa_stable_v190700_20210406/portaudio/src/common -I/home/anne/Documents/UROP/THEDRONELAB/demo/noMotiv/voicedemo -I/home/anne/Downloads/pa_stable_v190700_20210406/portaudio/src/os/unix -I/home/anne/Downloads/pa_stable_v190700_20210406/portaudio/include  -g   -o CMakeFiles/portaudio_static.dir/src/common/pa_ringbuffer.c.o   -c /home/anne/Downloads/pa_stable_v190700_20210406/portaudio/src/common/pa_ringbuffer.c
/usr/bin/cmake -E cmake_echo_color --switch= --green --progress-dir=/home/anne/Documents/UROP/THEDRONELAB/demo/noMotiv/voicedemo/CMakeFiles --progress-num=24 "Building C object CMakeFiles/portaudio_static.dir/src/common/pa_stream.c.o"
/usr/bin/cc -DPA_LITTLE_ENDIAN -DPA_USE_ALSA -I/home/anne/Downloads/pa_stable_v190700_20210406/portaudio/src/common -I/home/anne/Documents/UROP/THEDRONELAB/demo/noMotiv/voicedemo -I/home/anne/Downloads/pa_stable_v190700_20210406/portaudio/src/os/unix -I/home/anne/Downloads/pa_stable_v190700_20210406/portaudio/include  -g   -o CMakeFiles/portaudio_static.dir/src/common/pa_stream.c.o   -c /home/anne/Downloads/pa_stable_v190700_20210406/portaudio/src/common/pa_stream.c
/usr/bin/cmake -E cmake_echo_color --switch= --green --progress-dir=/home/anne/Documents/UROP/THEDRONELAB/demo/noMotiv/voicedemo/CMakeFiles --progress-num=25 "Building C object CMakeFiles/portaudio_static.dir/src/common/pa_trace.c.o"
/usr/bin/cc -DPA_LITTLE_ENDIAN -DPA_USE_ALSA -I/home/anne/Downloads/pa_stable_v190700_20210406/portaudio/src/common -I/home/anne/Documents/UROP/THEDRONELAB/demo/noMotiv/voicedemo -I/home/anne/Downloads/pa_stable_v190700_20210406/portaudio/src/os/unix -I/home/anne/Downloads/pa_stable_v190700_20210406/portaudio/include  -g   -o CMakeFiles/portaudio_static.dir/src/common/pa_trace.c.o   -c /home/anne/Downloads/pa_stable_v190700_20210406/portaudio/src/common/pa_trace.c
/usr/bin/cmake -E cmake_echo_color --switch= --green --progress-dir=/home/anne/Documents/UROP/THEDRONELAB/demo/noMotiv/voicedemo/CMakeFiles --progress-num=26 "Building C object CMakeFiles/portaudio_static.dir/src/hostapi/skeleton/pa_hostapi_skeleton.c.o"
/usr/bin/cc -DPA_LITTLE_ENDIAN -DPA_USE_ALSA -I/home/anne/Downloads/pa_stable_v190700_20210406/portaudio/src/common -I/home/anne/Documents/UROP/THEDRONELAB/demo/noMotiv/voicedemo -I/home/anne/Downloads/pa_stable_v190700_20210406/portaudio/src/os/unix -I/home/anne/Downloads/pa_stable_v190700_20210406/portaudio/include  -g   -o CMakeFiles/portaudio_static.dir/src/hostapi/skeleton/pa_hostapi_skeleton.c.o   -c /home/anne/Downloads/pa_stable_v190700_20210406/portaudio/src/hostapi/skeleton/pa_hostapi_skeleton.c
/usr/bin/cmake -E cmake_echo_color --switch= --green --progress-dir=/home/anne/Documents/UROP/THEDRONELAB/demo/noMotiv/voicedemo/CMakeFiles --progress-num=27 "Building C object CMakeFiles/portaudio_static.dir/src/os/unix/pa_unix_hostapis.c.o"
/usr/bin/cc -DPA_LITTLE_ENDIAN -DPA_USE_ALSA -I/home/anne/Downloads/pa_stable_v190700_20210406/portaudio/src/common -I/home/anne/Documents/UROP/THEDRONELAB/demo/noMotiv/voicedemo -I/home/anne/Downloads/pa_stable_v190700_20210406/portaudio/src/os/unix -I/home/anne/Downloads/pa_stable_v190700_20210406/portaudio/include  -g   -o CMakeFiles/portaudio_static.dir/src/os/unix/pa_unix_hostapis.c.o   -c /home/anne/Downloads/pa_stable_v190700_20210406/portaudio/src/os/unix/pa_unix_hostapis.c
/usr/bin/cmake -E cmake_echo_color --switch= --green --progress-dir=/home/anne/Documents/UROP/THEDRONELAB/demo/noMotiv/voicedemo/CMakeFiles --progress-num=28 "Building C object CMakeFiles/portaudio_static.dir/src/os/unix/pa_unix_util.c.o"
/usr/bin/cc -DPA_LITTLE_ENDIAN -DPA_USE_ALSA -I/home/anne/Downloads/pa_stable_v190700_20210406/portaudio/src/common -I/home/anne/Documents/UROP/THEDRONELAB/demo/noMotiv/voicedemo -I/home/anne/Downloads/pa_stable_v190700_20210406/portaudio/src/os/unix -I/home/anne/Downloads/pa_stable_v190700_20210406/portaudio/include  -g   -o CMakeFiles/portaudio_static.dir/src/os/unix/pa_unix_util.c.o   -c /home/anne/Downloads/pa_stable_v190700_20210406/portaudio/src/os/unix/pa_unix_util.c
/usr/bin/cmake -E cmake_echo_color --switch= --green --progress-dir=/home/anne/Documents/UROP/THEDRONELAB/demo/noMotiv/voicedemo/CMakeFiles --progress-num=29 "Building C object CMakeFiles/portaudio_static.dir/src/hostapi/alsa/pa_linux_alsa.c.o"
/usr/bin/cc -DPA_LITTLE_ENDIAN -DPA_USE_ALSA -I/home/anne/Downloads/pa_stable_v190700_20210406/portaudio/src/common -I/home/anne/Documents/UROP/THEDRONELAB/demo/noMotiv/voicedemo -I/home/anne/Downloads/pa_stable_v190700_20210406/portaudio/src/os/unix -I/home/anne/Downloads/pa_stable_v190700_20210406/portaudio/include  -g   -o CMakeFiles/portaudio_static.dir/src/hostapi/alsa/pa_linux_alsa.c.o   -c /home/anne/Downloads/pa_stable_v190700_20210406/portaudio/src/hostapi/alsa/pa_linux_alsa.c
/usr/bin/cmake -E cmake_echo_color --switch= --green --bold --progress-dir=/home/anne/Documents/UROP/THEDRONELAB/demo/noMotiv/voicedemo/CMakeFiles --progress-num=30 "Linking C static library libportaudio.a"
/usr/bin/cmake -P CMakeFiles/portaudio_static.dir/cmake_clean_target.cmake
/usr/bin/cmake -E cmake_link_script CMakeFiles/portaudio_static.dir/link.txt --verbose=
make[2]: Leaving directory '/home/anne/Documents/UROP/THEDRONELAB/demo/noMotiv/voicedemo'
/usr/bin/cmake -E cmake_echo_color --switch= --progress-dir=/home/anne/Documents/UROP/THEDRONELAB/demo/noMotiv/voicedemo/CMakeFiles --progress-num=16,17,18,19,20,21,22,23,24,25,26,27,28,29,30 "Built target portaudio_static"
make -f CMakeFiles/portaudio.dir/build.make CMakeFiles/portaudio.dir/depend
make[2]: Entering directory '/home/anne/Documents/UROP/THEDRONELAB/demo/noMotiv/voicedemo'
cd /home/anne/Documents/UROP/THEDRONELAB/demo/noMotiv/voicedemo && /usr/bin/cmake -E cmake_depends "Unix Makefiles" /home/anne/Downloads/pa_stable_v190700_20210406/portaudio /home/anne/Downloads/pa_stable_v190700_20210406/portaudio /home/anne/Documents/UROP/THEDRONELAB/demo/noMotiv/voicedemo /home/anne/Documents/UROP/THEDRONELAB/demo/noMotiv/voicedemo /home/anne/Documents/UROP/THEDRONELAB/demo/noMotiv/voicedemo/CMakeFiles/portaudio.dir/DependInfo.cmake --color=
make[2]: Leaving directory '/home/anne/Documents/UROP/THEDRONELAB/demo/noMotiv/voicedemo'
make -f CMakeFiles/portaudio.dir/build.make CMakeFiles/portaudio.dir/build
make[2]: Entering directory '/home/anne/Documents/UROP/THEDRONELAB/demo/noMotiv/voicedemo'
/usr/bin/cmake -E cmake_echo_color --switch= --green --progress-dir=/home/anne/Documents/UROP/THEDRONELAB/demo/noMotiv/voicedemo/CMakeFiles --progress-num=1 "Building C object CMakeFiles/portaudio.dir/src/common/pa_allocation.c.o"
/usr/bin/cc -DPA_LITTLE_ENDIAN -DPA_USE_ALSA -Dportaudio_EXPORTS -I/home/anne/Downloads/pa_stable_v190700_20210406/portaudio/src/common -I/home/anne/Documents/UROP/THEDRONELAB/demo/noMotiv/voicedemo -I/home/anne/Downloads/pa_stable_v190700_20210406/portaudio/src/os/unix -I/home/anne/Downloads/pa_stable_v190700_20210406/portaudio/include  -g -fPIC   -o CMakeFiles/portaudio.dir/src/common/pa_allocation.c.o   -c /home/anne/Downloads/pa_stable_v190700_20210406/portaudio/src/common/pa_allocation.c
/usr/bin/cmake -E cmake_echo_color --switch= --green --progress-dir=/home/anne/Documents/UROP/THEDRONELAB/demo/noMotiv/voicedemo/CMakeFiles --progress-num=2 "Building C object CMakeFiles/portaudio.dir/src/common/pa_converters.c.o"
/usr/bin/cc -DPA_LITTLE_ENDIAN -DPA_USE_ALSA -Dportaudio_EXPORTS -I/home/anne/Downloads/pa_stable_v190700_20210406/portaudio/src/common -I/home/anne/Documents/UROP/THEDRONELAB/demo/noMotiv/voicedemo -I/home/anne/Downloads/pa_stable_v190700_20210406/portaudio/src/os/unix -I/home/anne/Downloads/pa_stable_v190700_20210406/portaudio/include  -g -fPIC   -o CMakeFiles/portaudio.dir/src/common/pa_converters.c.o   -c /home/anne/Downloads/pa_stable_v190700_20210406/portaudio/src/common/pa_converters.c
/usr/bin/cmake -E cmake_echo_color --switch= --green --progress-dir=/home/anne/Documents/UROP/THEDRONELAB/demo/noMotiv/voicedemo/CMakeFiles --progress-num=3 "Building C object CMakeFiles/portaudio.dir/src/common/pa_cpuload.c.o"
/usr/bin/cc -DPA_LITTLE_ENDIAN -DPA_USE_ALSA -Dportaudio_EXPORTS -I/home/anne/Downloads/pa_stable_v190700_20210406/portaudio/src/common -I/home/anne/Documents/UROP/THEDRONELAB/demo/noMotiv/voicedemo -I/home/anne/Downloads/pa_stable_v190700_20210406/portaudio/src/os/unix -I/home/anne/Downloads/pa_stable_v190700_20210406/portaudio/include  -g -fPIC   -o CMakeFiles/portaudio.dir/src/common/pa_cpuload.c.o   -c /home/anne/Downloads/pa_stable_v190700_20210406/portaudio/src/common/pa_cpuload.c
/usr/bin/cmake -E cmake_echo_color --switch= --green --progress-dir=/home/anne/Documents/UROP/THEDRONELAB/demo/noMotiv/voicedemo/CMakeFiles --progress-num=4 "Building C object CMakeFiles/portaudio.dir/src/common/pa_debugprint.c.o"
/usr/bin/cc -DPA_LITTLE_ENDIAN -DPA_USE_ALSA -Dportaudio_EXPORTS -I/home/anne/Downloads/pa_stable_v190700_20210406/portaudio/src/common -I/home/anne/Documents/UROP/THEDRONELAB/demo/noMotiv/voicedemo -I/home/anne/Downloads/pa_stable_v190700_20210406/portaudio/src/os/unix -I/home/anne/Downloads/pa_stable_v190700_20210406/portaudio/include  -g -fPIC   -o CMakeFiles/portaudio.dir/src/common/pa_debugprint.c.o   -c /home/anne/Downloads/pa_stable_v190700_20210406/portaudio/src/common/pa_debugprint.c
/usr/bin/cmake -E cmake_echo_color --switch= --green --progress-dir=/home/anne/Documents/UROP/THEDRONELAB/demo/noMotiv/voicedemo/CMakeFiles --progress-num=5 "Building C object CMakeFiles/portaudio.dir/src/common/pa_dither.c.o"
/usr/bin/cc -DPA_LITTLE_ENDIAN -DPA_USE_ALSA -Dportaudio_EXPORTS -I/home/anne/Downloads/pa_stable_v190700_20210406/portaudio/src/common -I/home/anne/Documents/UROP/THEDRONELAB/demo/noMotiv/voicedemo -I/home/anne/Downloads/pa_stable_v190700_20210406/portaudio/src/os/unix -I/home/anne/Downloads/pa_stable_v190700_20210406/portaudio/include  -g -fPIC   -o CMakeFiles/portaudio.dir/src/common/pa_dither.c.o   -c /home/anne/Downloads/pa_stable_v190700_20210406/portaudio/src/common/pa_dither.c
/usr/bin/cmake -E cmake_echo_color --switch= --green --progress-dir=/home/anne/Documents/UROP/THEDRONELAB/demo/noMotiv/voicedemo/CMakeFiles --progress-num=6 "Building C object CMakeFiles/portaudio.dir/src/common/pa_front.c.o"
/usr/bin/cc -DPA_LITTLE_ENDIAN -DPA_USE_ALSA -Dportaudio_EXPORTS -I/home/anne/Downloads/pa_stable_v190700_20210406/portaudio/src/common -I/home/anne/Documents/UROP/THEDRONELAB/demo/noMotiv/voicedemo -I/home/anne/Downloads/pa_stable_v190700_20210406/portaudio/src/os/unix -I/home/anne/Downloads/pa_stable_v190700_20210406/portaudio/include  -g -fPIC   -o CMakeFiles/portaudio.dir/src/common/pa_front.c.o   -c /home/anne/Downloads/pa_stable_v190700_20210406/portaudio/src/common/pa_front.c
/usr/bin/cmake -E cmake_echo_color --switch= --green --progress-dir=/home/anne/Documents/UROP/THEDRONELAB/demo/noMotiv/voicedemo/CMakeFiles --progress-num=7 "Building C object CMakeFiles/portaudio.dir/src/common/pa_process.c.o"
/usr/bin/cc -DPA_LITTLE_ENDIAN -DPA_USE_ALSA -Dportaudio_EXPORTS -I/home/anne/Downloads/pa_stable_v190700_20210406/portaudio/src/common -I/home/anne/Documents/UROP/THEDRONELAB/demo/noMotiv/voicedemo -I/home/anne/Downloads/pa_stable_v190700_20210406/portaudio/src/os/unix -I/home/anne/Downloads/pa_stable_v190700_20210406/portaudio/include  -g -fPIC   -o CMakeFiles/portaudio.dir/src/common/pa_process.c.o   -c /home/anne/Downloads/pa_stable_v190700_20210406/portaudio/src/common/pa_process.c
/usr/bin/cmake -E cmake_echo_color --switch= --green --progress-dir=/home/anne/Documents/UROP/THEDRONELAB/demo/noMotiv/voicedemo/CMakeFiles --progress-num=8 "Building C object CMakeFiles/portaudio.dir/src/common/pa_ringbuffer.c.o"
/usr/bin/cc -DPA_LITTLE_ENDIAN -DPA_USE_ALSA -Dportaudio_EXPORTS -I/home/anne/Downloads/pa_stable_v190700_20210406/portaudio/src/common -I/home/anne/Documents/UROP/THEDRONELAB/demo/noMotiv/voicedemo -I/home/anne/Downloads/pa_stable_v190700_20210406/portaudio/src/os/unix -I/home/anne/Downloads/pa_stable_v190700_20210406/portaudio/include  -g -fPIC   -o CMakeFiles/portaudio.dir/src/common/pa_ringbuffer.c.o   -c /home/anne/Downloads/pa_stable_v190700_20210406/portaudio/src/common/pa_ringbuffer.c
/usr/bin/cmake -E cmake_echo_color --switch= --green --progress-dir=/home/anne/Documents/UROP/THEDRONELAB/demo/noMotiv/voicedemo/CMakeFiles --progress-num=9 "Building C object CMakeFiles/portaudio.dir/src/common/pa_stream.c.o"
/usr/bin/cc -DPA_LITTLE_ENDIAN -DPA_USE_ALSA -Dportaudio_EXPORTS -I/home/anne/Downloads/pa_stable_v190700_20210406/portaudio/src/common -I/home/anne/Documents/UROP/THEDRONELAB/demo/noMotiv/voicedemo -I/home/anne/Downloads/pa_stable_v190700_20210406/portaudio/src/os/unix -I/home/anne/Downloads/pa_stable_v190700_20210406/portaudio/include  -g -fPIC   -o CMakeFiles/portaudio.dir/src/common/pa_stream.c.o   -c /home/anne/Downloads/pa_stable_v190700_20210406/portaudio/src/common/pa_stream.c
/usr/bin/cmake -E cmake_echo_color --switch= --green --progress-dir=/home/anne/Documents/UROP/THEDRONELAB/demo/noMotiv/voicedemo/CMakeFiles --progress-num=10 "Building C object CMakeFiles/portaudio.dir/src/common/pa_trace.c.o"
/usr/bin/cc -DPA_LITTLE_ENDIAN -DPA_USE_ALSA -Dportaudio_EXPORTS -I/home/anne/Downloads/pa_stable_v190700_20210406/portaudio/src/common -I/home/anne/Documents/UROP/THEDRONELAB/demo/noMotiv/voicedemo -I/home/anne/Downloads/pa_stable_v190700_20210406/portaudio/src/os/unix -I/home/anne/Downloads/pa_stable_v190700_20210406/portaudio/include  -g -fPIC   -o CMakeFiles/portaudio.dir/src/common/pa_trace.c.o   -c /home/anne/Downloads/pa_stable_v190700_20210406/portaudio/src/common/pa_trace.c
/usr/bin/cmake -E cmake_echo_color --switch= --green --progress-dir=/home/anne/Documents/UROP/THEDRONELAB/demo/noMotiv/voicedemo/CMakeFiles --progress-num=11 "Building C object CMakeFiles/portaudio.dir/src/hostapi/skeleton/pa_hostapi_skeleton.c.o"
/usr/bin/cc -DPA_LITTLE_ENDIAN -DPA_USE_ALSA -Dportaudio_EXPORTS -I/home/anne/Downloads/pa_stable_v190700_20210406/portaudio/src/common -I/home/anne/Documents/UROP/THEDRONELAB/demo/noMotiv/voicedemo -I/home/anne/Downloads/pa_stable_v190700_20210406/portaudio/src/os/unix -I/home/anne/Downloads/pa_stable_v190700_20210406/portaudio/include  -g -fPIC   -o CMakeFiles/portaudio.dir/src/hostapi/skeleton/pa_hostapi_skeleton.c.o   -c /home/anne/Downloads/pa_stable_v190700_20210406/portaudio/src/hostapi/skeleton/pa_hostapi_skeleton.c
/usr/bin/cmake -E cmake_echo_color --switch= --green --progress-dir=/home/anne/Documents/UROP/THEDRONELAB/demo/noMotiv/voicedemo/CMakeFiles --progress-num=12 "Building C object CMakeFiles/portaudio.dir/src/os/unix/pa_unix_hostapis.c.o"
/usr/bin/cc -DPA_LITTLE_ENDIAN -DPA_USE_ALSA -Dportaudio_EXPORTS -I/home/anne/Downloads/pa_stable_v190700_20210406/portaudio/src/common -I/home/anne/Documents/UROP/THEDRONELAB/demo/noMotiv/voicedemo -I/home/anne/Downloads/pa_stable_v190700_20210406/portaudio/src/os/unix -I/home/anne/Downloads/pa_stable_v190700_20210406/portaudio/include  -g -fPIC   -o CMakeFiles/portaudio.dir/src/os/unix/pa_unix_hostapis.c.o   -c /home/anne/Downloads/pa_stable_v190700_20210406/portaudio/src/os/unix/pa_unix_hostapis.c
/usr/bin/cmake -E cmake_echo_color --switch= --green --progress-dir=/home/anne/Documents/UROP/THEDRONELAB/demo/noMotiv/voicedemo/CMakeFiles --progress-num=13 "Building C object CMakeFiles/portaudio.dir/src/os/unix/pa_unix_util.c.o"
/usr/bin/cc -DPA_LITTLE_ENDIAN -DPA_USE_ALSA -Dportaudio_EXPORTS -I/home/anne/Downloads/pa_stable_v190700_20210406/portaudio/src/common -I/home/anne/Documents/UROP/THEDRONELAB/demo/noMotiv/voicedemo -I/home/anne/Downloads/pa_stable_v190700_20210406/portaudio/src/os/unix -I/home/anne/Downloads/pa_stable_v190700_20210406/portaudio/include  -g -fPIC   -o CMakeFiles/portaudio.dir/src/os/unix/pa_unix_util.c.o   -c /home/anne/Downloads/pa_stable_v190700_20210406/portaudio/src/os/unix/pa_unix_util.c
/usr/bin/cmake -E cmake_echo_color --switch= --green --progress-dir=/home/anne/Documents/UROP/THEDRONELAB/demo/noMotiv/voicedemo/CMakeFiles --progress-num=14 "Building C object CMakeFiles/portaudio.dir/src/hostapi/alsa/pa_linux_alsa.c.o"
/usr/bin/cc -DPA_LITTLE_ENDIAN -DPA_USE_ALSA -Dportaudio_EXPORTS -I/home/anne/Downloads/pa_stable_v190700_20210406/portaudio/src/common -I/home/anne/Documents/UROP/THEDRONELAB/demo/noMotiv/voicedemo -I/home/anne/Downloads/pa_stable_v190700_20210406/portaudio/src/os/unix -I/home/anne/Downloads/pa_stable_v190700_20210406/portaudio/include  -g -fPIC   -o CMakeFiles/portaudio.dir/src/hostapi/alsa/pa_linux_alsa.c.o   -c /home/anne/Downloads/pa_stable_v190700_20210406/portaudio/src/hostapi/alsa/pa_linux_alsa.c
/usr/bin/cmake -E cmake_echo_color --switch= --green --bold --progress-dir=/home/anne/Documents/UROP/THEDRONELAB/demo/noMotiv/voicedemo/CMakeFiles --progress-num=15 "Linking C shared library libportaudio.so"
/usr/bin/cmake -E cmake_link_script CMakeFiles/portaudio.dir/link.txt --verbose=
make[2]: Leaving directory '/home/anne/Documents/UROP/THEDRONELAB/demo/noMotiv/voicedemo'
/usr/bin/cmake -E cmake_echo_color --switch= --progress-dir=/home/anne/Documents/UROP/THEDRONELAB/demo/noMotiv/voicedemo/CMakeFiles --progress-num=1,2,3,4,5,6,7,8,9,10,11,12,13,14,15 "Built target portaudio"
make[1]: Leaving directory '/home/anne/Documents/UROP/THEDRONELAB/demo/noMotiv/voicedemo'
/usr/bin/cmake -E cmake_progress_start /home/anne/Documents/UROP/THEDRONELAB/demo/noMotiv/voicedemo/CMakeFiles 0
make: Leaving directory '/home/anne/Documents/UROP/THEDRONELAB/demo/noMotiv/voicedemo'
 
